Vivado Simulator 2018.3
Time resolution is 1 ps
CONT:   x
CONT:  15
CONT:  15
CONT:  15
CONT:  15
CONT:  15
CONT:  15
CONT:  15
CONT:  15
CONT:  15
CONT:  15
CONT:  15
CONT:  15
CONT:  15
CONT:  15
CONT:  15
CONT:  15
CONT:  15
CONT:  15
CONT:  15
CONT:  15
CONT:  15
CONT:  15
CONT:  15
CONT:  15
CONT:  15
CONT:  15
CONT:  15
CONT:  15
CONT:  15
CONT:  15
CONT:  15
CONT:  15
CONT:  15
CONT:  15
CONT:  15
CONT:  15
CONT:  15
CONT:  15
CONT:  15
CONT:  15
CONT:  15
CONT:  15
TESTVECTOR=>                  435 plaintext=0000000000000000  key=00000000000000000000  ciphertext=5579c1387b228445
CONT:  15
Dentro:  15
Dentro
CONT:   0
Dentro:   0
CONT:   1
CONT:   2
CONT:   3
CONT:   4
CONT:   5
CONT:   6
CONT:   7
CONT:   8
CONT:  15
CONT:  15
CONT:  15
CONT:  15
CONT:  15
CONT:  15
CONT:  15
CONT:  15
CONT:  15
CONT:  15
CONT:  15
CONT:  15
CONT:  15
CONT:  15
CONT:  15
CONT:  15
CONT:  15
CONT:  15
CONT:  15
CONT:  15
CONT:  15
CONT:  15
TESTVECTOR=>                  755 plaintext=0000000000000000  key=00000000000000000000  ciphertext=7c66f3144be984e9
CONT:  15
CONT:  15
CONT:  15
CONT:  15
CONT:  15
CONT:  15
CONT:  15
CONT:  15
CONT:  15
CONT:  15
CONT:  15
CONT:  15
CONT:  15
CONT:  15
CONT:  15
CONT:  15
CONT:  15
CONT:  15
CONT:  15
CONT:  15
CONT:  15
CONT:  15
CONT:  15
CONT:  15
CONT:  15
CONT:  15
CONT:  15
CONT:  15
CONT:  15
CONT:  15
CONT:  15
CONT:  15
TESTVECTOR=>                 1075 plaintext=0000000000000000  key=00000000000000000000  ciphertext=a459c1bf6fc3cef2
CONT:  15
CONT:  15
CONT:  15
CONT:  15
CONT:  15
CONT:  15
CONT:  15
CONT:  15
CONT:  15
CONT:  15
CONT:  15
CONT:  15
CONT:  15
CONT:  15
CONT:  15
CONT:  15
CONT:  15
CONT:  15
CONT:  15
CONT:  15
CONT:  15
CONT:  15
CONT:  15
CONT:  15
CONT:  15
CONT:  15
CONT:  15
CONT:  15
CONT:  15
CONT:  15
CONT:  15
CONT:  15
TESTVECTOR=>                 1395 plaintext=0000000000000000  key=00000000000000000000  ciphertext=7d06fb7f1ec46f23
CONT:  15
CONT:  15
CONT:  15
CONT:  15
CONT:  15
CONT:  15
CONT:  15
CONT:  15
CONT:  15
CONT:  15
CONT:  15
CONT:  15
CONT:  15
CONT:  15
CONT:  15
CONT:  15
CONT:  15
CONT:  15
CONT:  15
CONT:  15
CONT:  15
CONT:  15
CONT:  15
CONT:  15
CONT:  15
CONT:  15
CONT:  15
CONT:  15
CONT:  15
CONT:  15
CONT:  15
CONT:  15
TESTVECTOR=>                 1715 plaintext=0000000000000000  key=00000000000000000000  ciphertext=143a365ca2687cdc
CONT:  15
CONT:  15
CONT:  15
CONT:  15
CONT:  15
CONT:  15
CONT:  15
CONT:  15
CONT:  15
CONT:  15
CONT:  15
CONT:  15
CONT:  15
CONT:  15
CONT:  15
CONT:  15
CONT:  15
CONT:  15
CONT:  15
CONT:  15
CONT:  15
CONT:  15
CONT:  15
CONT:  15
CONT:  15
CONT:  15
CONT:  15
CONT:  15
CONT:  15
CONT:  15
CONT:  15
CONT:  15
TESTVECTOR=>                 2035 plaintext=0000000000000000  key=00000000000000000000  ciphertext=c3902b4d90486b64
CONT:  15
CONT:  15
CONT:  15
CONT:  15
CONT:  15
CONT:  15
CONT:  15
CONT:  15
CONT:  15
CONT:  15
CONT:  15
CONT:  15
CONT:  15
CONT:  15
CONT:  15
CONT:  15
CONT:  15
CONT:  15
CONT:  15
CONT:  15
CONT:  15
CONT:  15
CONT:  15
CONT:  15
CONT:  15
CONT:  15
CONT:  15
CONT:  15
CONT:  15
CONT:  15
CONT:  15
CONT:  15
TESTVECTOR=>                 2355 plaintext=0000000000000000  key=00000000000000000000  ciphertext=92ad37b2e8463018
CONT:  15
CONT:  15
CONT:  15
CONT:  15
CONT:  15
CONT:  15
CONT:  15
CONT:  15
CONT:  15
CONT:  15
CONT:  15
CONT:  15
CONT:  15
CONT:  15
CONT:  15
CONT:  15
CONT:  15
CONT:  15
CONT:  15
CONT:  15
CONT:  15
CONT:  15
CONT:  15
CONT:  15
CONT:  15
CONT:  15
CONT:  15
CONT:  15
CONT:  15
CONT:  15
CONT:  15
CONT:  15
TESTVECTOR=>                 2675 plaintext=0000000000000000  key=00000000000000000000  ciphertext=1502cbb046580d31
CONT:  15
CONT:  15
CONT:  15
CONT:  15
CONT:  15
CONT:  15
CONT:  15
CONT:  15
CONT:  15
CONT:  15
CONT:  15
CONT:  15
CONT:  15
CONT:  15
CONT:  15
CONT:  15
CONT:  15
CONT:  15
CONT:  15
CONT:  15
CONT:  15
CONT:  15
CONT:  15
CONT:  15
CONT:  15
CONT:  15
CONT:  15
CONT:  15
CONT:  15
CONT:  15
CONT:  15
CONT:  15
TESTVECTOR=>                 2995 plaintext=0000000000000000  key=00000000000000000000  ciphertext=61656627ba5f61ab
CONT:  15
CONT:  15
CONT:  15
CONT:  15
CONT:  15
CONT:  15
CONT:  15
CONT:  15
CONT:  15
CONT:  15
CONT:  15
CONT:  15
CONT:  15
CONT:  15
CONT:  15
CONT:  15
CONT:  15
CONT:  15
CONT:  15
CONT:  15
CONT:  15
CONT:  15
CONT:  15
CONT:  15
CONT:  15
CONT:  15
CONT:  15
CONT:  15
CONT:  15
CONT:  15
CONT:  15
CONT:  15
TESTVECTOR=>                 3315 plaintext=0000000000000000  key=00000000000000000000  ciphertext=719645c1af837f22
CONT:  15
CONT:  15
CONT:  15
CONT:  15
CONT:  15
CONT:  15
CONT:  15
CONT:  15
CONT:  15
CONT:  15
CONT:  15
CONT:  15
CONT:  15
CONT:  15
CONT:  15
CONT:  15
CONT:  15
CONT:  15
CONT:  15
CONT:  15
CONT:  15
CONT:  15
CONT:  15
CONT:  15
CONT:  15
CONT:  15
CONT:  15
CONT:  15
CONT:  15
CONT:  15
CONT:  15
CONT:  15
TESTVECTOR=>                 3635 plaintext=0000000000000000  key=00000000000000000000  ciphertext=9725837b23bc01f7
CONT:  15
CONT:  15
CONT:  15
CONT:  15
CONT:  15
CONT:  15
CONT:  15
CONT:  15
CONT:  15
CONT:  15
CONT:  15
CONT:  15
CONT:  15
CONT:  15
CONT:  15
CONT:  15
CONT:  15
CONT:  15
CONT:  15
CONT:  15
CONT:  15
CONT:  15
CONT:  15
CONT:  15
CONT:  15
CONT:  15
CONT:  15
CONT:  15
CONT:  15
CONT:  15
CONT:  15
CONT:  15
TESTVECTOR=>                 3955 plaintext=0000000000000000  key=00000000000000000000  ciphertext=75ff5ee637e96c7e
CONT:  15
CONT:  15
CONT:  15
CONT:  15
CONT:  15
CONT:  15
CONT:  15
CONT:  15
CONT:  15
CONT:  15
CONT:  15
CONT:  15
CONT:  15
CONT:  15
CONT:  15
CONT:  15
CONT:  15
CONT:  15
CONT:  15
CONT:  15
CONT:  15
CONT:  15
CONT:  15
CONT:  15
CONT:  15
CONT:  15
CONT:  15
CONT:  15
CONT:  15
CONT:  15
CONT:  15
CONT:  15
TESTVECTOR=>                 4275 plaintext=0000000000000000  key=00000000000000000000  ciphertext=acff7af5283bc157
CONT:  15
CONT:  15
CONT:  15
CONT:  15
CONT:  15
CONT:  15
CONT:  15
CONT:  15
CONT:  15
CONT:  15
CONT:  15
CONT:  15
CONT:  15
CONT:  15
CONT:  15
CONT:  15
CONT:  15
CONT:  15
CONT:  15
CONT:  15
CONT:  15
CONT:  15
CONT:  15
CONT:  15
CONT:  15
CONT:  15
CONT:  15
CONT:  15
CONT:  15
CONT:  15
CONT:  15
CONT:  15
TESTVECTOR=>                 4595 plaintext=0000000000000000  key=00000000000000000000  ciphertext=024e361bf91677d9
CONT:  15
CONT:  15
CONT:  15
CONT:  15
CONT:  15
CONT:  15
CONT:  15
CONT:  15
CONT:  15
CONT:  15
CONT:  15
CONT:  15
CONT:  15
CONT:  15
CONT:  15
CONT:  15
CONT:  15
CONT:  15
CONT:  15
CONT:  15
CONT:  15
CONT:  15
CONT:  15
CONT:  15
CONT:  15
CONT:  15
CONT:  15
CONT:  15
CONT:  15
CONT:  15
CONT:  15
CONT:  15
TESTVECTOR=>                 4915 plaintext=0000000000000000  key=00000000000000000000  ciphertext=16c4b3dfc284390e
CONT:  15
CONT:  15
CONT:  15
CONT:  15
CONT:  15
CONT:  15
CONT:  15
CONT:  15
CONT:  15
CONT:  15
CONT:  15
CONT:  15
CONT:  15
CONT:  15
CONT:  15
CONT:  15
CONT:  15
CONT:  15
CONT:  15
CONT:  15
CONT:  15
CONT:  15
CONT:  15
CONT:  15
CONT:  15
CONT:  15
CONT:  15
CONT:  15
CONT:  15
CONT:  15
CONT:  15
CONT:  15
TESTVECTOR=>                 5235 plaintext=0000000000000000  key=00000000000000000000  ciphertext=30c4a5e983e9926a
CONT:  15
CONT:  15
CONT:  15
CONT:  15
CONT:  15
CONT:  15
CONT:  15
CONT:  15
CONT:  15
CONT:  15
CONT:  15
CONT:  15
CONT:  15
CONT:  15
CONT:  15
CONT:  15
CONT:  15
CONT:  15
CONT:  15
CONT:  15
CONT:  15
CONT:  15
CONT:  15
CONT:  15
CONT:  15
CONT:  15
CONT:  15
CONT:  15
CONT:  15
CONT:  15
CONT:  15
CONT:  15
TESTVECTOR=>                 5555 plaintext=0000000000000000  key=00000000000000000000  ciphertext=5b47c0809bd18fd8
CONT:  15
CONT:  15
CONT:  15
CONT:  15
CONT:  15
CONT:  15
CONT:  15
CONT:  15
CONT:  15
CONT:  15
CONT:  15
CONT:  15
CONT:  15
CONT:  15
CONT:  15
CONT:  15
CONT:  15
CONT:  15
CONT:  15
CONT:  15
CONT:  15
CONT:  15
CONT:  15
CONT:  15
CONT:  15
CONT:  15
CONT:  15
CONT:  15
CONT:  15
CONT:  15
CONT:  15
CONT:  15
TESTVECTOR=>                 5875 plaintext=0000000000000000  key=00000000000000000000  ciphertext=0a8e95febb80b96a
CONT:  15
CONT:  15
CONT:  15
CONT:  15
CONT:  15
CONT:  15
CONT:  15
CONT:  15
CONT:  15
CONT:  15
CONT:  15
CONT:  15
CONT:  15
CONT:  15
CONT:  15
CONT:  15
CONT:  15
CONT:  15
CONT:  15
CONT:  15
CONT:  15
CONT:  15
CONT:  15
CONT:  15
CONT:  15
CONT:  15
CONT:  15
CONT:  15
CONT:  15
CONT:  15
CONT:  15
CONT:  15
TESTVECTOR=>                 6195 plaintext=0000000000000000  key=00000000000000000000  ciphertext=423e530840c029f0
CONT:  15
CONT:  15
CONT:  15
CONT:  15
CONT:  15
CONT:  15
CONT:  15
CONT:  15
CONT:  15
CONT:  15
CONT:  15
CONT:  15
CONT:  15
CONT:  15
CONT:  15
CONT:  15
CONT:  15
CONT:  15
CONT:  15
CONT:  15
CONT:  15
CONT:  15
CONT:  15
CONT:  15
CONT:  15
CONT:  15
CONT:  15
CONT:  15
CONT:  15
CONT:  15
CONT:  15
CONT:  15
TESTVECTOR=>                 6515 plaintext=0000000000000000  key=00000000000000000000  ciphertext=a2e9686504ebb9bb
CONT:  15
CONT:  15
CONT:  15
CONT:  15
CONT:  15
CONT:  15
CONT:  15
CONT:  15
CONT:  15
CONT:  15
CONT:  15
CONT:  15
CONT:  15
CONT:  15
CONT:  15
CONT:  15
CONT:  15
CONT:  15
CONT:  15
CONT:  15
CONT:  15
CONT:  15
CONT:  15
CONT:  15
CONT:  15
CONT:  15
CONT:  15
CONT:  15
CONT:  15
CONT:  15
CONT:  15
CONT:  15
TESTVECTOR=>                 6835 plaintext=0000000000000000  key=00000000000000000000  ciphertext=2e8c395c2dcc6b84
CONT:  15
CONT:  15
CONT:  15
CONT:  15
CONT:  15
CONT:  15
CONT:  15
CONT:  15
CONT:  15
CONT:  15
CONT:  15
CONT:  15
CONT:  15
CONT:  15
CONT:  15
CONT:  15
CONT:  15
CONT:  15
CONT:  15
CONT:  15
CONT:  15
CONT:  15
CONT:  15
CONT:  15
CONT:  15
CONT:  15
CONT:  15
CONT:  15
CONT:  15
CONT:  15
CONT:  15
CONT:  15
TESTVECTOR=>                 7155 plaintext=0000000000000000  key=00000000000000000000  ciphertext=5021ac89f31d8bed
CONT:  15
CONT:  15
CONT:  15
CONT:  15
CONT:  15
CONT:  15
CONT:  15
CONT:  15
CONT:  15
CONT:  15
CONT:  15
CONT:  15
CONT:  15
CONT:  15
CONT:  15
CONT:  15
CONT:  15
CONT:  15
CONT:  15
CONT:  15
CONT:  15
CONT:  15
CONT:  15
CONT:  15
CONT:  15
CONT:  15
CONT:  15
CONT:  15
CONT:  15
CONT:  15
CONT:  15
CONT:  15
TESTVECTOR=>                 7475 plaintext=0000000000000000  key=00000000000000000000  ciphertext=b70dd350c810256b
CONT:  15
CONT:  15
CONT:  15
CONT:  15
CONT:  15
CONT:  15
CONT:  15
CONT:  15
CONT:  15
CONT:  15
CONT:  15
CONT:  15
CONT:  15
CONT:  15
CONT:  15
CONT:  15
CONT:  15
CONT:  15
CONT:  15
CONT:  15
CONT:  15
CONT:  15
CONT:  15
CONT:  15
CONT:  15
CONT:  15
CONT:  15
CONT:  15
CONT:  15
CONT:  15
CONT:  15
CONT:  15
TESTVECTOR=>                 7795 plaintext=0000000000000000  key=00000000000000000000  ciphertext=069f98e732b93951
CONT:  15
CONT:  15
CONT:  15
CONT:  15
CONT:  15
CONT:  15
CONT:  15
CONT:  15
CONT:  15
CONT:  15
CONT:  15
CONT:  15
CONT:  15
CONT:  15
CONT:  15
CONT:  15
CONT:  15
CONT:  15
CONT:  15
CONT:  15
CONT:  15
CONT:  15
CONT:  15
CONT:  15
CONT:  15
CONT:  15
CONT:  15
CONT:  15
CONT:  15
CONT:  15
CONT:  15
CONT:  15
TESTVECTOR=>                 8115 plaintext=0000000000000000  key=00000000000000000000  ciphertext=438d2b5478e0ff1b
CONT:  15
CONT:  15
CONT:  15
CONT:  15
CONT:  15
CONT:  15
CONT:  15
CONT:  15
CONT:  15
CONT:  15
CONT:  15
CONT:  15
CONT:  15
CONT:  15
CONT:  15
CONT:  15
CONT:  15
CONT:  15
CONT:  15
CONT:  15
CONT:  15
CONT:  15
CONT:  15
CONT:  15
CONT:  15
CONT:  15
CONT:  15
CONT:  15
CONT:  15
CONT:  15
CONT:  15
CONT:  15
TESTVECTOR=>                 8435 plaintext=0000000000000000  key=00000000000000000000  ciphertext=ced92a354aa1758e
CONT:  15
CONT:  15
CONT:  15
CONT:  15
CONT:  15
CONT:  15
CONT:  15
CONT:  15
CONT:  15
CONT:  15
CONT:  15
CONT:  15
CONT:  15
CONT:  15
CONT:  15
CONT:  15
CONT:  15
CONT:  15
CONT:  15
CONT:  15
CONT:  15
CONT:  15
CONT:  15
CONT:  15
CONT:  15
CONT:  15
CONT:  15
CONT:  15
CONT:  15
CONT:  15
CONT:  15
CONT:  15
TESTVECTOR=>                 8755 plaintext=0000000000000000  key=00000000000000000000  ciphertext=98f9982e92e50a23
CONT:  15
CONT:  15
CONT:  15
CONT:  15
CONT:  15
CONT:  15
CONT:  15
CONT:  15
CONT:  15
CONT:  15
CONT:  15
CONT:  15
CONT:  15
CONT:  15
CONT:  15
CONT:  15
CONT:  15
CONT:  15
CONT:  15
CONT:  15
CONT:  15
CONT:  15
CONT:  15
CONT:  15
CONT:  15
CONT:  15
CONT:  15
CONT:  15
CONT:  15
CONT:  15
CONT:  15
CONT:  15
TESTVEC