
*** Running vivado
    with args -log design_1_wrapper.vds -m64 -product Vivado -mode batch -messageDb vivado.pb -notrace -source design_1_wrapper.tcl


****** Vivado v2018.3 (64-bit)
  **** SW Build 2405991 on Thu Dec  6 23:38:27 MST 2018
  **** IP Build 2404404 on Fri Dec  7 01:43:56 MST 2018
    ** Copyright 1986-2018 Xilinx, Inc. All Rights Reserved.

source design_1_wrapper.tcl -notrace
INFO: [IP_Flow 19-234] Refreshing IP repositories
INFO: [IP_Flow 19-1700] Loaded user IP repository 'c:/Users/calan/Documents/SEDR_projetos/luan/Projetos/buf_in'.
INFO: [IP_Flow 19-1700] Loaded user IP repository 'c:/Users/calan/Google Drive/SEDR/buffer_out'.
INFO: [IP_Flow 19-1700] Loaded user IP repository 'c:/Users/calan/Google Drive/SEDR/present'.
INFO: [IP_Flow 19-1700] Loaded user IP repository 'c:/Users/calan/Google Drive/SEDR/present_CTRL'.
INFO: [IP_Flow 19-2313] Loaded Vivado IP repository 'C:/Xilinx/Vivado/2018.3/data/ip'.
WARNING: [IP_Flow 19-4995] The host OS only allows 260 characters in a normal path. The IP cache path is more than 80 characters. If you experience issues with IP caching, please consider changing the IP cache to a location with a shorter path. Alternately consider using the OS subst command to map part of the path to a drive letter. 
Current IP cache path is c:/Users/calan/Google Drive/SEDR/integration_desesperado/integration_desesperado.cache/ip 
Command: synth_design -top design_1_wrapper -part xc7a35tcpg236-1
Starting synth_design
Attempting to get a license for feature 'Synthesis' and/or device 'xc7a35t'
INFO: [Common 17-349] Got license for feature 'Synthesis' and/or device 'xc7a35t'
INFO: Launching helper process for spawning children vivado processes
INFO: Helper process launched with PID 11160 
---------------------------------------------------------------------------------
Starting RTL Elaboration : Time (s): cpu = 00:00:04 ; elapsed = 00:00:04 . Memory (MB): peak = 412.457 ; gain = 100.188
---------------------------------------------------------------------------------
INFO: [Synth 8-6157] synthesizing module 'design_1_wrapper' [C:/Users/calan/Google Drive/SEDR/integration_desesperado/integration_desesperado.srcs/sources_1/bd/design_1/hdl/design_1_wrapper.v:12]
INFO: [Synth 8-6157] synthesizing module 'design_1' [C:/Users/calan/Google Drive/SEDR/integration_desesperado/integration_desesperado.srcs/sources_1/bd/design_1/synth/design_1.v:13]
INFO: [Synth 8-6157] synthesizing module 'design_1_xlconstant_0_0' [c:/Users/calan/Google Drive/SEDR/integration_desesperado/integration_desesperado.srcs/sources_1/bd/design_1/ip/design_1_xlconstant_0_0/synth/design_1_xlconstant_0_0.v:57]
INFO: [Synth 8-6157] synthesizing module 'xlconstant_v1_1_5_xlconstant' [c:/Users/calan/Google Drive/SEDR/integration_desesperado/integration_desesperado.srcs/sources_1/bd/design_1/ipshared/4649/hdl/xlconstant_v1_1_vl_rfs.v:23]
	Parameter CONST_VAL bound to: 80'b00000000000000000000000000000000000000000000000000000000000000000000000000000000 
	Parameter CONST_WIDTH bound to: 80 - type: integer 
INFO: [Synth 8-6155] done synthesizing module 'xlconstant_v1_1_5_xlconstant' (1#1) [c:/Users/calan/Google Drive/SEDR/integration_desesperado/integration_desesperado.srcs/sources_1/bd/design_1/ipshared/4649/hdl/xlconstant_v1_1_vl_rfs.v:23]
INFO: [Synth 8-6155] done synthesizing module 'design_1_xlconstant_0_0' (2#1) [c:/Users/calan/Google Drive/SEDR/integration_desesperado/integration_desesperado.srcs/sources_1/bd/design_1/ip/design_1_xlconstant_0_0/synth/design_1_xlconstant_0_0.v:57]
INFO: [Synth 8-6157] synthesizing module 'design_1_PRESENT_ENCRYPT_0_0' [C:/Users/calan/Google Drive/SEDR/integration_desesperado/integration_desesperado.runs/synth_1/.Xil/Vivado-3216-PINTO-MACHvW10/realtime/design_1_PRESENT_ENCRYPT_0_0_stub.v:6]
INFO: [Synth 8-6155] done synthesizing module 'design_1_PRESENT_ENCRYPT_0_0' (3#1) [C:/Users/calan/Google Drive/SEDR/integration_desesperado/integration_desesperado.runs/synth_1/.Xil/Vivado-3216-PINTO-MACHvW10/realtime/design_1_PRESENT_ENCRYPT_0_0_stub.v:6]
INFO: [Synth 8-6157] synthesizing module 'design_1_buf_in_0_0' [C:/Users/calan/Google Drive/SEDR/integration_desesperado/integration_desesperado.runs/synth_1/.Xil/Vivado-3216-PINTO-MACHvW10/realtime/design_1_buf_in_0_0_stub.v:6]
INFO: [Synth 8-6155] done synthesizing module 'design_1_buf_in_0_0' (4#1) [C:/Users/calan/Google Drive/SEDR/integration_desesperado/integration_desesperado.runs/synth_1/.Xil/Vivado-3216-PINTO-MACHvW10/realtime/design_1_buf_in_0_0_stub.v:6]
INFO: [Synth 8-6157] synthesizing module 'design_1_buffer_64_to_8_0_0' [C:/Users/calan/Google Drive/SEDR/integration_desesperado/integration_desesperado.runs/synth_1/.Xil/Vivado-3216-PINTO-MACHvW10/realtime/design_1_buffer_64_to_8_0_0_stub.v:6]
INFO: [Synth 8-6155] done synthesizing module 'design_1_buffer_64_to_8_0_0' (5#1) [C:/Users/calan/Google Drive/SEDR/integration_desesperado/integration_desesperado.runs/synth_1/.Xil/Vivado-3216-PINTO-MACHvW10/realtime/design_1_buffer_64_to_8_0_0_stub.v:6]
INFO: [Synth 8-6157] synthesizing module 'design_1_present_CTRL_0_0' [C:/Users/calan/Google Drive/SEDR/integration_desesperado/integration_desesperado.runs/synth_1/.Xil/Vivado-3216-PINTO-MACHvW10/realtime/design_1_present_CTRL_0_0_stub.v:6]
INFO: [Synth 8-6155] done synthesizing module 'design_1_present_CTRL_0_0' (6#1) [C:/Users/calan/Google Drive/SEDR/integration_desesperado/integration_desesperado.runs/synth_1/.Xil/Vivado-3216-PINTO-MACHvW10/realtime/design_1_present_CTRL_0_0_stub.v:6]
INFO: [Synth 8-6155] done synthesizing module 'design_1' (7#1) [C:/Users/calan/Google Drive/SEDR/integration_desesperado/integration_desesperado.srcs/sources_1/bd/design_1/synth/design_1.v:13]
INFO: [Synth 8-6155] done synthesizing module 'design_1_wrapper' (8#1) [C:/Users/calan/Google Drive/SEDR/integration_desesperado/integration_desesperado.srcs/sources_1/bd/design_1/hdl/design_1_wrapper.v:12]
---------------------------------------------------------------------------------
Finished RTL Elaboration : Time (s): cpu = 00:00:05 ; elapsed = 00:00:06 . Memory (MB): peak = 467.723 ; gain = 155.453
---------------------------------------------------------------------------------

Report Check Netlist: 
+------+------------------+-------+---------+-------+------------------+
|      |Item              |Errors |Warnings |Status |Description       |
+------+------------------+-------+---------+-------+------------------+
|1     |multi_driven_nets |      0|        0|Passed |Multi driven nets |
+------+------------------+-------+---------+-------+------------------+
---------------------------------------------------------------------------------
Start Handling Custom Attributes
---------------------------------------------------------------------------------
---------------------------------------------------------------------------------
Finished Handling Custom Attributes : Time (s): cpu = 00:00:06 ; elapsed = 00:00:06 . Memory (MB): peak = 467.723 ; gain = 155.453
---------------------------------------------------------------------------------
---------------------------------------------------------------------------------
Finished RTL Optimization Phase 1 : Time (s): cpu = 00:00:06 ; elapsed = 00:00:06 . Memory (MB): peak = 467.723 ; gain = 155.453
---------------------------------------------------------------------------------
INFO: [Device 21-403] Loading part xc7a35tcpg236-1
INFO: [Project 1-570] Preparing netlist for logic optimization

Processing XDC Constraints
Initializing timing engine
Parsing XDC File [c:/Users/calan/Google Drive/SEDR/integration_desesperado/integration_desesperado.srcs/sources_1/bd/design_1/ip/design_1_buf_in_0_0/design_1_buf_in_0_0/design_1_buf_in_0_0_in_context.xdc] for cell 'design_1_i/buf_in_0'
Finished Parsing XDC File [c:/Users/calan/Google Drive/SEDR/integration_desesperado/integration_desesperado.srcs/sources_1/bd/design_1/ip/design_1_buf_in_0_0/design_1_buf_in_0_0/design_1_buf_in_0_0_in_context.xdc] for cell 'design_1_i/buf_in_0'
Parsing XDC File [c:/Users/calan/Google Drive/SEDR/integration_desesperado/integration_desesperado.srcs/sources_1/bd/design_1/ip/design_1_buffer_64_to_8_0_0/design_1_buffer_64_to_8_0_0/design_1_buffer_64_to_8_0_0_in_context.xdc] for cell 'design_1_i/buffer_64_to_8_0'
Finished Parsing XDC File [c:/Users/calan/Google Drive/SEDR/integration_desesperado/integration_desesperado.srcs/sources_1/bd/design_1/ip/design_1_buffer_64_to_8_0_0/design_1_buffer_64_to_8_0_0/design_1_buffer_64_to_8_0_0_in_context.xdc] for cell 'design_1_i/buffer_64_to_8_0'
Parsing XDC File [c:/Users/calan/Google Drive/SEDR/integration_desesperado/integration_desesperado.srcs/sources_1/bd/design_1/ip/design_1_present_CTRL_0_0/design_1_present_CTRL_0_0/design_1_present_CTRL_0_0_in_context.xdc] for cell 'design_1_i/present_CTRL_0'
Finished Parsing XDC File [c:/Users/calan/Google Drive/SEDR/integration_desesperado/integration_desesperado.srcs/sources_1/bd/design_1/ip/design_1_present_CTRL_0_0/design_1_present_CTRL_0_0/design_1_present_CTRL_0_0_in_context.xdc] for cell 'design_1_i/present_CTRL_0'
Parsing XDC File [c:/Users/calan/Google Drive/SEDR/integration_desesperado/integration_desesperado.srcs/sources_1/bd/design_1/ip/design_1_PRESENT_ENCRYPT_0_0/design_1_PRESENT_ENCRYPT_0_0/design_1_PRESENT_ENCRYPT_0_0_in_context.xdc] for cell 'design_1_i/PRESENT_ENCRYPT_0'
Finished Parsing XDC File [c:/Users/calan/Google Drive/SEDR/integration_desesperado/integration_desesperado.srcs/sources_1/bd/design_1/ip/design_1_PRESENT_ENCRYPT_0_0/design_1_PRESENT_ENCRYPT_0_0/design_1_PRESENT_ENCRYPT_0_0_in_context.xdc] for cell 'design_1_i/PRESENT_ENCRYPT_0'
Parsing XDC File [C:/Users/calan/Google Drive/SEDR/integration_desesperado/integration_desesperado.runs/synth_1/dont_touch.xdc]
Finished Parsing XDC File [C:/Users/calan/Google Drive/SEDR/integration_desesperado/integration_desesperado.runs/synth_1/dont_touch.xdc]
Completed Processing XDC Constraints

Netlist sorting complete. Time (s): cpu = 00:00:00 ; elapsed = 00:00:00 . Memory (MB): peak = 719.000 ; gain = 0.000
INFO: [Project 1-111] Unisim Transformation Summary:
No Unisim elements were transformed.

Netlist sorting complete. Time (s): cpu = 00:00:00 ; elapsed = 00:00:00 . Memory (MB): peak = 719.000 ; gain = 0.000
Constraint Validation Runtime : Time (s): cpu = 00:00:00 ; elapsed = 00:00:00.058 . Memory (MB): peak = 719.000 ; gain = 0.000
---------------------------------------------------------------------------------
Finished Constraint Validation : Time (s): cpu = 00:00:17 ; elapsed = 00:00:20 . Memory (MB): peak = 719.000 ; gain = 406.730
---------------------------------------------------------------------------------
---------------------------------------------------------------------------------
Start Loading Part and Timing Information
---------------------------------------------------------------------------------
Loading part: xc7a35tcpg236-1
---------------------------------------------------------------------------------
Finished Loading Part and Timing Information : Time (s): cpu = 00:00:17 ; elapsed = 00:00:20 . Memory (MB): peak = 719.000 ; gain = 406.730
---------------------------------------------------------------------------------
---------------------------------------------------------------------------------
Start Applying 'set_property' XDC Constraints
---------------------------------------------------------------------------------
Applied set_property DONT_TOUCH = true for design_1_i. (constraint file  auto generated constraint, line ).
Applied set_property DONT_TOUCH = true for design_1_i/buf_in_0. (constraint file  auto generated constraint, line ).
Applied set_property DONT_TOUCH = true for design_1_i/buffer_64_to_8_0. (constraint file  auto generated constraint, line ).
Applied set_property DONT_TOUCH = true for design_1_i/present_CTRL_0. (constraint file  auto generated constraint, line ).
Applied set_property DONT_TOUCH = true for design_1_i/PRESENT_ENCRYPT_0. (constraint file  auto generated constraint, line ).
Applied set_property DONT_TOUCH = true for design_1_i/Key_reg. (constraint file  auto generated constraint, line ).
---------------------------------------------------------------------------------
Finished applying 'set_property' XDC Constraints : Time (s): cpu = 00:00:17 ; elapsed = 00:00:20 . Memory (MB): peak = 719.000 ; gain = 406.730
---------------------------------------------------------------------------------
---------------------------------------------------------------------------------
Finished RTL Optimization Phase 2 : Time (s): cpu = 00:00:17 ; elapsed = 00:00:21 . Memory (MB): peak = 719.000 ; gain = 406.730
---------------------------------------------------------------------------------

Report RTL Partitions: 
+-+--------------+------------+----------+
| |RTL Partition |Replication |Instances |
+-+--------------+------------+----------+
+-+--------------+------------+----------+
---------------------------------------------------------------------------------
Start RTL Component Statistics 
---------------------------------------------------------------------------------
Detailed RTL Component Info : 
---------------------------------------------------------------------------------
Finished RTL Component Statistics 
---------------------------------------------------------------------------------
---------------------------------------------------------------------------------
Start RTL Hierarchical Component Statistics 
---------------------------------------------------------------------------------
Hierarchical RTL Component report 
---------------------------------------------------------------------------------
Finished RTL Hierarchical Component Statistics
---------------------------------------------------------------------------------
---------------------------------------------------------------------------------
Start Part Resource Summary
---------------------------------------------------------------------------------
Part Resources:
DSPs: 90 (col length:60)
BRAMs: 100 (col length: RAMB18 60 RAMB36 30)
---------------------------------------------------------------------------------
Finished Part Resource Summary
---------------------------------------------------------------------------------
---------------------------------------------------------------------------------
Start Cross Boundary and Area Optimization
---------------------------------------------------------------------------------
Warning: Parallel synthesis criteria is not met 
---------------------------------------------------------------------------------
Finished Cross Boundary and Area Optimization : Time (s): cpu = 00:00:19 ; elapsed = 00:00:22 . Memory (MB): peak = 719.000 ; gain = 406.730
---------------------------------------------------------------------------------

Report RTL Partitions: 
+-+--------------+------------+----------+
| |RTL Partition |Replication |Instances |
+-+--------------+------------+----------+
+-+--------------+------------+----------+
---------------------------------------------------------------------------------
Start Applying XDC Timing Constraints
---------------------------------------------------------------------------------
---------------------------------------------------------------------------------
Finished Applying XDC Timing Constraints : Time (s): cpu = 00:00:32 ; elapsed = 00:00:35 . Memory (MB): peak = 775.480 ; gain = 463.211
---------------------------------------------------------------------------------
---------------------------------------------------------------------------------
Start Timing Optimization
---------------------------------------------------------------------------------
---------------------------------------------------------------------------------
Finished Timing Optimization : Time (s): cpu = 00:00:32 ; elapsed = 00:00:35 . Memory (MB): peak = 775.480 ; gain = 463.211
---------------------------------------------------------------------------------

Report RTL Partitions: 
+-+--------------+------------+----------+
| |RTL Partition |Replication |Instances |
+-+--------------+------------+----------+
+-+--------------+------------+----------+
---------------------------------------------------------------------------------
Start Technology Mapping
---------------------------------------------------------------------------------
---------------------------------------------------------------------------------
Finished Technology Mapping : Time (s): cpu = 00:00:32 ; elapsed = 00:00:35 . Memory (MB): peak = 785.309 ; gain = 473.039
---------------------------------------------------------------------------------

Report RTL Partitions: 
+-+--------------+------------+----------+
| |RTL Partition |Replication |Instances |
+-+--------------+------------+----------+
+-+--------------+------------+----------+
---------------------------------------------------------------------------------
Start IO Insertion
---------------------------------------------------------------------------------
---------------------------------------------------------------------------------
Start Flattening Before IO Insertion
---------------------------------------------------------------------------------
---------------------------------------------------------------------------------
Finished Flattening Before IO Insertion
---------------------------------------------------------------------------------
---------------------------------------------------------------------------------
Start Final Netlist Cleanup
---------------------------------------------------------------------------------
---------------------------------------------------------------------------------
Finished Final Netlist Cleanup
---------------------------------------------------------------------------------
---------------------------------------------------------------------------------
Finished IO Insertion : Time (s): cpu = 00:00:34 ; elapsed = 00:00:37 . Memory (MB): peak = 785.309 ; gain = 473.039
---------------------------------------------------------------------------------

Report Check Netlist: 
+------+------------------+-------+---------+-------+------------------+
|      |Item              |Errors |Warnings |Status |Description       |
+------+------------------+-------+---------+-------+------------------+
|1     |multi_driven_nets |      0|        0|Passed |Multi driven nets |
+------+------------------+-------+---------+-------+------------------+
---------------------------------------------------------------------------------
Start Renaming Generated Instances
---------------------------------------------------------------------------------
---------------------------------------------------------------------------------
Finished Renaming Generated Instances : Time (s): cpu = 00:00:34 ; elapsed = 00:00:37 . Memory (MB): peak = 785.309 ; gain = 473.039
---------------------------------------------------------------------------------

Report RTL Partitions: 
+-+--------------+------------+----------+
| |RTL Partition |Replication |Instances |
+-+--------------+------------+----------+
+-+--------------+------------+----------+
---------------------------------------------------------------------------------
Start Rebuilding User Hierarchy
---------------------------------------------------------------------------------
---------------------------------------------------------------------------------
Finished Rebuilding User Hierarchy : Time (s): cpu = 00:00:34 ; elapsed = 00:00:37 . Memory (MB): peak = 785.309 ; gain = 473.039
---------------------------------------------------------------------------------
---------------------------------------------------------------------------------
Start Renaming Generated Ports
---------------------------------------------------------------------------------
---------------------------------------------------------------------------------
Finished Renaming Generated Ports : Time (s): cpu = 00:00:34 ; elapsed = 00:00:37 . Memory (MB): peak = 785.309 ; gain = 473.039
---------------------------------------------------------------------------------
---------------------------------------------------------------------------------
Start Handling Custom Attributes
---------------------------------------------------------------------------------
---------------------------------------------------------------------------------
Finished Handling Custom Attributes : Time (s): cpu = 00:00:34 ; elapsed = 00:00:37 . Memory (MB): peak = 785.309 ; gain = 473.039
---------------------------------------------------------------------------------
---------------------------------------------------------------------------------
Start Renaming Generated Nets
---------------------------------------------------------------------------------
---------------------------------------------------------------------------------
Finished Renaming Generated Nets : Time (s): cpu = 00:00:34 ; elapsed = 00:00:37 . Memory (MB): peak = 785.309 ; gain = 473.039
---------------------------------------------------------------------------------
---------------------------------------------------------------------------------
Start Writing Synthesis Report
---------------------------------------------------------------------------------

Report BlackBoxes: 
+------+-----------------------------+----------+
|      |BlackBox name                |Instances |
+------+-----------------------------+----------+
|1     |design_1_PRESENT_ENCRYPT_0_0 |         1|
|2     |design_1_buf_in_0_0          |         1|
|3     |design_1_buffer_64_to_8_0_0  |         1|
|4     |design_1_present_CTRL_0_0    |         1|
+------+-----------------------------+----------+

Report Cell Usage: 
+------+-----------------------------+------+
|      |Cell                         |Count |
+------+-----------------------------+------+
|1     |design_1_PRESENT_ENCRYPT_0_0 |     1|
|2     |design_1_buf_in_0_0          |     1|
|3     |design_1_buffer_64_to_8_0_0  |     1|
|4     |design_1_present_CTRL_0_0    |     1|
|5     |IBUF                         |    11|
|6     |OBUF                         |    81|
+------+-----------------------------+------+

Report Instance Areas: 
+------+-------------+------------------------+------+
|      |Instance     |Module                  |Cells |
+------+-------------+------------------------+------+
|1     |top          |                        |   240|
|2     |  design_1_i |design_1                |   148|
|3     |    Key_reg  |design_1_xlconstant_0_0 |     0|
+------+-------------+------------------------+------+
---------------------------------------------------------------------------------
Finished Writing Synthesis Report : Time (s): cpu = 00:00:34 ; elapsed = 00:00:37 . Memory (MB): peak = 785.309 ; gain = 473.039
---------------------------------------------------------------------------------
Synthesis finished with 0 errors, 0 critical warnings and 0 warnings.
Synthesis Optimization Runtime : Time (s): cpu = 00:00:21 ; elapsed = 00:00:28 . Memory (MB): peak = 785.309 ; gain = 221.762
Synthesis Optimization Complete : Time (s): cpu = 00:00:34 ; elapsed = 00:00:38 . Memory (MB): peak = 785.309 ; gain = 473.039
INFO: [Project 1-571] Translating synthesized netlist
INFO: [Project 1-570] Preparing netlist for logic optimization
INFO: [Opt 31-138] Pushed 0 inverter(s) to 0 load pin(s).
Netlist sorting complete. Time (s): cpu = 00:00:00 ; elapsed = 00:00:00.001 . Memory (MB): peak = 798.699 ; gain = 0.000
INFO: [Project 1-111] Unisim Transformation Summary:
No Unisim elements were transformed.

INFO: [Common 17-83] Releasing license: Synthesis
31 Infos, 1 Warnings, 0 Critical Warnings and 0 Errors encountered.
synth_design completed successfully
synth_design: Time (s): cpu = 00:00:35 ; elapsed = 00:00:41 . Memory (MB): peak = 798.711 ; gain = 497.910
Netlist sorting complete. Time (s): cpu = 00:00:00 ; elapsed = 00:00:00 . Memory (MB): peak = 798.711 ; gain = 0.000
WARNING: [Constraints 18-5210] No constraints selected for write.
Resolution: This message can indicate that there are no constraints for the design, or it can indicate that the used_in flags are set such that the constraints are ignored. This later case is used when running synth_design to not write synthesis constraints to the resulting checkpoint. Instead, project constraints are read when the synthesized design is opened.
INFO: [Common 17-1381] The checkpoint 'C:/Users/calan/Google Drive/SEDR/integration_desesperado/integration_desesperado.runs/synth_1/design_1_wrapper.dcp' has been generated.
INFO: [runtcl-4] Executing : report_utilization -file design_1_wrapper_utilization_synth.rpt -pb design_1_wrapper_utilization_synth.pb
INFO: [Common 17-206] Exiting Vivado at Wed Jul  3 15:46:40 2019...
